10:52:13 16.12.2025 [              deliver.git]: |   INFO|: Downloading (or updating) all repos and store them
10:52:13 16.12.2025 [              deliver.git]: |   INFO|: Updating all repos
10:52:17 16.12.2025 [                     make]: |   INFO|: Parse and store all homeworks...
10:52:19 16.12.2025 [                     make]: |   INFO|: Run new checks on all solutions...
10:52:32 16.12.2025 [            check.runtime]: |WARNING|: Waiting 1 seconds for /tmp/hworker_check/Him_20251202_1.py to die
10:52:37 16.12.2025 [            check.runtime]: |WARNING|: Waiting 1 seconds for /tmp/hworker_check/Him_20251202_1.py to die
10:52:42 16.12.2025 [            check.runtime]: |WARNING|: Waiting 1 seconds for /tmp/hworker_check/Him_20251202_1.py to die
10:52:58 16.12.2025 [            check.runtime]: |WARNING|: Waiting 1 seconds for /tmp/hworker_check/Me_20251202_1.py to die
10:53:03 16.12.2025 [            check.runtime]: |WARNING|: Waiting 1 seconds for /tmp/hworker_check/Me_20251202_1.py to die
10:53:05 16.12.2025 [                    score]: |WARNING|: Empty task_qualifier file
10:53:05 16.12.2025 [                    score]: |WARNING|: Empty user_qualifier file
10:53:05 16.12.2025 [                    score]: |WARNING|: Empty formula file
10:53:05 16.12.2025 [                    score]: |   INFO|: Importing user functions...
10:53:05 16.12.2025 [                    score]: |   INFO|: Performing all imported qualifiers...
10:57:27 16.12.2025 [              deliver.git]: |   INFO|: Downloading (or updating) all repos and store them
10:57:27 16.12.2025 [              deliver.git]: |   INFO|: Updating all repos
10:57:32 16.12.2025 [                     make]: |   INFO|: Parse and store all homeworks...
10:57:32 16.12.2025 [                     make]: |   INFO|: Run new checks on all solutions...
10:57:33 16.12.2025 [                    score]: |   INFO|: Importing user functions...
10:57:34 16.12.2025 [                    score]: |   INFO|: Performing all imported qualifiers...
11:08:26 16.12.2025 [              deliver.git]: |   INFO|: Downloading (or updating) all repos and store them
11:08:26 16.12.2025 [              deliver.git]: |   INFO|: Updating all repos
11:08:34 16.12.2025 [                     make]: |   INFO|: Parse and store all homeworks...
11:08:37 16.12.2025 [                     make]: |   INFO|: Run new checks on all solutions...
11:08:44 16.12.2025 [                     make]: |WARNING|: Not found check named<Татьяна Точаева:20251007/3/1> from solution ID=Ирина Стрелкина:20251007/3, TASK_ID=20251007/3, USER_ID=Ирина Стрелкина, timestamp=2025-10-12 23:55:24
11:08:44 16.12.2025 [                     make]: |WARNING|: Not found check named<Татьяна Точаева:20251007/3/2> from solution ID=Ирина Стрелкина:20251007/3, TASK_ID=20251007/3, USER_ID=Ирина Стрелкина, timestamp=2025-10-12 23:55:24
11:08:44 16.12.2025 [                     make]: |WARNING|: Not found check named<Татьяна Точаева:20251007/3/3> from solution ID=Ирина Стрелкина:20251007/3, TASK_ID=20251007/3, USER_ID=Ирина Стрелкина, timestamp=2025-10-12 23:55:24
11:08:47 16.12.2025 [                     make]: |WARNING|: Not found check named<Татьяна Точаева:20251028/1/1> from solution ID=Ирина Стрелкина:20251028/1, TASK_ID=20251028/1, USER_ID=Ирина Стрелкина, timestamp=2025-11-03 14:30:11
11:08:47 16.12.2025 [                     make]: |WARNING|: Not found check named<Татьяна Точаева:20251028/1/2> from solution ID=Ирина Стрелкина:20251028/1, TASK_ID=20251028/1, USER_ID=Ирина Стрелкина, timestamp=2025-11-03 14:30:11
11:08:47 16.12.2025 [                     make]: |WARNING|: Not found check named<Татьяна Точаева:20251028/1/3> from solution ID=Ирина Стрелкина:20251028/1, TASK_ID=20251028/1, USER_ID=Ирина Стрелкина, timestamp=2025-11-03 14:30:11
11:09:53 16.12.2025 [                     make]: |WARNING|: Not found check named<Ирина Стрелкина:20250909/1/1> from solution ID=Татьяна Точаева:20250909/1, TASK_ID=20250909/1, USER_ID=Татьяна Точаева, timestamp=2025-09-15 00:26:22
11:09:53 16.12.2025 [                     make]: |WARNING|: Not found check named<Ирина Стрелкина:20250909/1/2> from solution ID=Татьяна Точаева:20250909/1, TASK_ID=20250909/1, USER_ID=Татьяна Точаева, timestamp=2025-09-15 00:26:22
11:09:53 16.12.2025 [                     make]: |WARNING|: Not found check named<Ирина Стрелкина:20250909/1/3> from solution ID=Татьяна Точаева:20250909/1, TASK_ID=20250909/1, USER_ID=Татьяна Точаева, timestamp=2025-09-15 00:26:22
11:11:26 16.12.2025 [                    score]: |   INFO|: Importing user functions...
11:11:26 16.12.2025 [                    score]: |   INFO|: Performing all imported qualifiers...
